GC profiling: sample.interval=20000
"cmp" "genCode" "cb$putconst" "cmpCallArgs" "cmpCallSymFun" "cmpCall" "cmp" "cmpBuiltinArgs" "cmpDispatch" "h" "tryInline" "cmpCall" "cmp" "cmpSymbolAssign" "h" "tryInline" "cmpCall" "cmp" "h" "tryInline" "cmpCall" "cmp" "h" "tryInline" "cmpCall" "cmp" "h" "tryInline" "cmpCall" "cmp" "genCode" "cmpfun" "doTryCatch" "tryCatchOne" "tryCatchList" "tryCatch" "compiler:::tryCmpfun" "MyKmeans" 
"cb$patchlabels" "codeBufCode" "genCode" "cb$putconst" "cmpCallArgs" "cmpCallSymFun" "cmpCall" "cmp" "cmpSymbolAssign" "h" "tryInline" "cmpCall" "cmp" "h" "tryInline" "cmpCall" "cmp" "cmpForBody" "h" "tryInline" "cmpCall" "cmp" "h" "tryInline" "cmpCall" "cmp" "cmpWhileBody" "h" "tryInline" "cmpCall" "cmp" "h" "tryInline" "cmpCall" "cmp" "genCode" "cmpfun" "doTryCatch" "tryCatchOne" "tryCatchList" "tryCatch" "compiler:::tryCmpfun" "MyKmeans" 
"exists" "findCenvVar" "findLocVar" "cmpCall" "cmp" "cmpPrim2" "h" "tryInline" "cmpCall" "cmp" "cmpSymbolAssign" "h" "tryInline" "cmpCall" "cmp" "h" "tryInline" "cmpCall" "cmp" "genCode" "cmpfun" "doTryCatch" "tryCatchOne" "tryCatchList" "tryCatch" "compiler:::tryCmpfun" "whole_min_cluster" "MyKmeans" 
"rowSums" "outer" "whole_min_cluster" "MyKmeans" 
"MyKmeans" 
"MyKmeans" 
"MyKmeans" 
"MyKmeans" 
"MyKmeans" 
"MyKmeans" 
"MyKmeans" 
"max.col" "whole_min_cluster" "MyKmeans" 
"outer" "whole_min_cluster" "MyKmeans" 
"tcrossprod" "whole_min_cluster" "MyKmeans" 
"%in%" "which" "MyKmeans" 
"rowSums" "outer" "whole_min_cluster" "MyKmeans" 
"tcrossprod" "whole_min_cluster" "MyKmeans" 
"%in%" "which" "MyKmeans" 
"%in%" "which" "MyKmeans" 
"colMeans" "MyKmeans" 
"<GC>" "%in%" "which" "MyKmeans" 
"%in%" "which" "MyKmeans" 
"rowSums" "outer" "whole_min_cluster" "MyKmeans" 
"tcrossprod" "whole_min_cluster" "MyKmeans" 
"tcrossprod" "whole_min_cluster" "MyKmeans" 
"%in%" "which" "MyKmeans" 
".Call" "MyKmeans_c" "MyKmeans_wrapper" 
".Call" "MyKmeans_c" "MyKmeans_wrapper" 
".Call" "MyKmeans_c" "MyKmeans_wrapper" 
".Call" "MyKmeans_c" "MyKmeans_wrapper" 
".Call" "MyKmeans_c" "MyKmeans_wrapper" 
".Call" "MyKmeans_c" "MyKmeans_wrapper" 
".Call" "MyKmeans_c" "MyKmeans_wrapper" 
".Call" "MyKmeans_c" "MyKmeans_wrapper" 
